<?xml version="1.0" encoding="UTF-8"?>
<!-- Generated by org.testng.reporters.JUnitReportReporter -->
<testsuite hostname="DESKTOP-B7I2MM8" failures="0" tests="2" name="testCases.TC00_LoginPageTest" time="8.602" errors="0" timestamp="2024-09-07T12:00:58 IST" skipped="0">
  <testcase classname="testCases.TC00_LoginPageTest" name="loginWithValidCredentials" time="4.477"/>
  <testcase classname="testCases.TC00_LoginPageTest" name="loginWithValidCredentials" time="4.125"/>
</testsuite> <!-- testCases.TC00_LoginPageTest -->
