<?xml version="1.0" encoding="UTF-8"?>
<!-- Generated by org.testng.reporters.JUnitReportReporter -->
<testsuite hostname="DESKTOP-B7I2MM8" failures="0" tests="7" name="testCases.TC01_AdminPageTest" time="17.118" errors="0" timestamp="2024-09-23T10:51:02 IST" skipped="0">
  <testcase classname="testCases.TC01_AdminPageTest" name="loginWithValidCredentials" time="8.974"/>
  <testcase classname="testCases.TC01_AdminPageTest" name="clickAdminButton" time="2.538"/>
  <testcase classname="testCases.TC01_AdminPageTest" name="testSearchValidSystemUsers" time="0.819"/>
  <testcase classname="testCases.TC01_AdminPageTest" name="testSearchValidSystemUsers" time="2.031"/>
  <testcase classname="testCases.TC01_AdminPageTest" name="testSearchInvalidSystemUsers" time="0.648"/>
  <testcase classname="testCases.TC01_AdminPageTest" name="testSearchInvalidSystemUsers" time="0.868"/>
  <testcase classname="testCases.TC01_AdminPageTest" name="logout" time="1.240"/>
</testsuite> <!-- testCases.TC01_AdminPageTest -->
