<?xml version="1.0" encoding="UTF-8"?>
<!-- Generated by org.testng.reporters.JUnitReportReporter -->
<testsuite hostname="DESKTOP-B7I2MM8" failures="0" tests="7" name="testCases.TC01_AdminPageTest" time="9.395" errors="0" timestamp="2024-09-07T18:54:48 IST" skipped="0">
  <testcase classname="testCases.TC01_AdminPageTest" name="loginWithValidCredentials" time="3.152"/>
  <testcase classname="testCases.TC01_AdminPageTest" name="clickAdminButton" time="1.496"/>
  <testcase classname="testCases.TC01_AdminPageTest" name="testSearchValidSystemUsers" time="0.717"/>
  <testcase classname="testCases.TC01_AdminPageTest" name="testSearchValidSystemUsers" time="1.428"/>
  <testcase classname="testCases.TC01_AdminPageTest" name="testSearchInvalidSystemUsers" time="0.796"/>
  <testcase classname="testCases.TC01_AdminPageTest" name="testSearchInvalidSystemUsers" time="0.722"/>
  <testcase classname="testCases.TC01_AdminPageTest" name="logout" time="1.084"/>
</testsuite> <!-- testCases.TC01_AdminPageTest -->
