<?xml version="1.0" encoding="UTF-8"?>
<!-- Generated by org.testng.reporters.JUnitReportReporter -->
<testsuite hostname="DESKTOP-B7I2MM8" failures="0" tests="4" name="testCases.TC02_LoginDDT" time="18.535" errors="0" timestamp="2024-09-07T13:28:40 IST" skipped="0">
  <testcase classname="testCases.TC02_LoginDDT" name="validLogin" time="3.607"/>
  <testcase classname="testCases.TC02_LoginDDT" name="validLogin" time="11.476"/>
  <testcase classname="testCases.TC02_LoginDDT" name="invalidLogin" time="1.692"/>
  <testcase classname="testCases.TC02_LoginDDT" name="invalidLogin" time="1.760"/>
</testsuite> <!-- testCases.TC02_LoginDDT -->
