<?xml version="1.0" encoding="UTF-8"?>
<!-- Generated by org.testng.reporters.JUnitReportReporter -->
<testsuite hostname="DESKTOP-B7I2MM8" failures="0" tests="7" name="testCases.TC01_AdminPageTest" time="11.144" errors="0" timestamp="2024-09-07T17:55:34 IST" skipped="0">
  <testcase classname="testCases.TC01_AdminPageTest" name="loginWithValidCredentials" time="4.834"/>
  <testcase classname="testCases.TC01_AdminPageTest" name="clickAdminButton" time="1.201"/>
  <testcase classname="testCases.TC01_AdminPageTest" name="testSearchValidSystemUsers" time="1.813"/>
  <testcase classname="testCases.TC01_AdminPageTest" name="testSearchValidSystemUsers" time="0.711"/>
  <testcase classname="testCases.TC01_AdminPageTest" name="testSearchInvalidSystemUsers" time="0.662"/>
  <testcase classname="testCases.TC01_AdminPageTest" name="testSearchInvalidSystemUsers" time="0.790"/>
  <testcase classname="testCases.TC01_AdminPageTest" name="logout" time="1.133"/>
</testsuite> <!-- testCases.TC01_AdminPageTest -->
