<?xml version="1.0" encoding="UTF-8"?>
<!-- Generated by org.testng.reporters.JUnitReportReporter -->
<testsuite hostname="DESKTOP-B7I2MM8" failures="0" tests="2" name="testCases.TC00_LoginPageTest" time="7.615" errors="0" timestamp="2024-08-24T17:18:30 IST" skipped="0">
  <testcase classname="testCases.TC00_LoginPageTest" name="loginWithValidCredentials" time="3.661"/>
  <testcase classname="testCases.TC00_LoginPageTest" name="loginWithValidCredentials" time="3.954"/>
</testsuite> <!-- testCases.TC00_LoginPageTest -->
