<?xml version="1.0" encoding="UTF-8"?>
<!-- Generated by org.testng.reporters.JUnitReportReporter -->
<testsuite hostname="DESKTOP-B7I2MM8" failures="0" tests="3" name="TestNG00.TestCase01_OrangeHRM" time="17.281" errors="0" timestamp="2024-08-02T09:05:53 IST" skipped="0">
  <testcase classname="TestNG00.TestCase01_OrangeHRM" name="launch" time="10.037"/>
  <testcase classname="TestNG00.TestCase01_OrangeHRM" name="login" time="3.035"/>
  <testcase classname="TestNG00.TestCase01_OrangeHRM" name="logout" time="4.209"/>
</testsuite> <!-- TestNG00.TestCase01_OrangeHRM -->
