<?xml version="1.0" encoding="UTF-8"?>
<!-- Generated by org.testng.reporters.JUnitReportReporter -->
<testsuite hostname="DESKTOP-B7I2MM8" failures="0" tests="2" name="pom.orangeHRM.testCases.TestCase01_Admin" time="4.576" errors="0" timestamp="2024-08-04T08:26:11 IST" skipped="0">
  <testcase classname="pom.orangeHRM.testCases.TestCase01_Admin" name="testLogin" time="2.582"/>
  <testcase classname="pom.orangeHRM.testCases.TestCase01_Admin" name="testAdminPage" time="1.994"/>
</testsuite> <!-- pom.orangeHRM.testCases.TestCase01_Admin -->
