<?xml version="1.0" encoding="UTF-8"?>
<!-- Generated by org.testng.reporters.JUnitReportReporter -->
<testsuite hostname="DESKTOP-B7I2MM8" failures="0" tests="1" name="testNG.Annotations.TestCase01" time="0.015" errors="0" timestamp="2024-08-02T11:52:45 IST" skipped="0">
  <testcase classname="testNG.Annotations.TestCase01" name="test" time="0.015"/>
</testsuite> <!-- testNG.Annotations.TestCase01 -->
