<?xml version="1.0" encoding="UTF-8"?>
<!-- Generated by org.testng.reporters.JUnitReportReporter -->
<testsuite hostname="DESKTOP-B7I2MM8" failures="0" tests="1" name="pom.orangeHRM.testCases.TestCase00_Login" time="2.561" errors="0" timestamp="2024-08-04T08:26:11 IST" skipped="0">
  <testcase classname="pom.orangeHRM.testCases.TestCase00_Login" name="testLogin" time="2.561"/>
</testsuite> <!-- pom.orangeHRM.testCases.TestCase00_Login -->
