<?xml version="1.0" encoding="UTF-8"?>
<!-- Generated by org.testng.reporters.JUnitReportReporter -->
<testsuite hostname="DESKTOP-B7I2MM8" failures="0" tests="2" name="TestNG00.TestCase00_Demo" time="0.031" errors="0" timestamp="2024-08-02T09:04:32 IST" skipped="0">
  <testcase classname="TestNG00.TestCase00_Demo" name="search" time="0.017"/>
  <testcase classname="TestNG00.TestCase00_Demo" name="advancedSearch" time="0.014"/>
</testsuite> <!-- TestNG00.TestCase00_Demo -->
