<?xml version="1.0" encoding="UTF-8"?>
<!-- Generated by org.testng.reporters.JUnitReportReporter -->
<testsuite hostname="DESKTOP-B7I2MM8" failures="0" tests="12" name="pom.testautomationpractice.testCases.TestCase00" time="39.232" errors="0" timestamp="2024-08-07T20:28:28 IST" skipped="0">
  <testcase classname="pom.testautomationpractice.testCases.TestCase00" name="testTextInputs" time="0.634"/>
  <testcase classname="pom.testautomationpractice.testCases.TestCase00" name="testRadioButton" time="0.094"/>
  <testcase classname="pom.testautomationpractice.testCases.TestCase00" name="testCheckBoxes" time="0.192"/>
  <testcase classname="pom.testautomationpractice.testCases.TestCase00" name="testDropDown" time="0.799"/>
  <testcase classname="pom.testautomationpractice.testCases.TestCase00" name="testColors" time="0.473"/>
  <testcase classname="pom.testautomationpractice.testCases.TestCase00" name="testCalendar" time="2.184"/>
  <testcase classname="pom.testautomationpractice.testCases.TestCase00" name="testWebTable" time="0.066"/>
  <testcase classname="pom.testautomationpractice.testCases.TestCase00" name="testPaginationTable" time="6.750"/>
  <testcase classname="pom.testautomationpractice.testCases.TestCase00" name="testWikipediaSearch" time="26.375"/>
  <testcase classname="pom.testautomationpractice.testCases.TestCase00" name="testJSAlerts" time="0.743"/>
  <testcase classname="pom.testautomationpractice.testCases.TestCase00" name="testDoubleClick" time="0.606"/>
  <testcase classname="pom.testautomationpractice.testCases.TestCase00" name="testDragAndDrop" time="0.316"/>
</testsuite> <!-- pom.testautomationpractice.testCases.TestCase00 -->
