<?xml version="1.0" encoding="UTF-8"?>
<!-- Generated by org.testng.reporters.JUnitReportReporter -->
<testsuite hostname="DESKTOP-B7I2MM8" failures="0" tests="3" name="TestNG00.TestCase00_OrangeHRM" time="14.099" errors="0" timestamp="2024-08-02T08:37:07 IST" skipped="0">
  <testcase classname="TestNG00.TestCase00_OrangeHRM" name="launch" time="9.124"/>
  <testcase classname="TestNG00.TestCase00_OrangeHRM" name="login" time="2.762"/>
  <testcase classname="TestNG00.TestCase00_OrangeHRM" name="logout" time="2.213"/>
</testsuite> <!-- TestNG00.TestCase00_OrangeHRM -->
