<?xml version="1.0" encoding="UTF-8"?>
<!-- Generated by org.testng.reporters.JUnitReportReporter -->
<testsuite hostname="DESKTOP-B7I2MM8" failures="0" tests="2" name="testNG.Annotations.TestCase02" time="0.022" errors="0" timestamp="2024-08-02T11:52:45 IST" skipped="0">
  <testcase classname="testNG.Annotations.TestCase02" name="method0" time="0.012"/>
  <testcase classname="testNG.Annotations.TestCase02" name="method1" time="0.010"/>
</testsuite> <!-- testNG.Annotations.TestCase02 -->
