<?xml version="1.0" encoding="UTF-8"?>
<!-- Generated by org.testng.reporters.JUnitReportReporter -->
<testsuite hostname="DESKTOP-B7I2MM8" failures="0" tests="4" name="pom.testautomationpractice.testCases.TestCase_Temp" time="3.461" errors="0" timestamp="2024-08-08T11:39:37 IST" skipped="0">
  <testcase classname="pom.testautomationpractice.testCases.TestCase_Temp" name="testName" time="0.454"/>
  <testcase classname="pom.testautomationpractice.testCases.TestCase_Temp" name="testGenderInput" time="0.267"/>
  <testcase classname="pom.testautomationpractice.testCases.TestCase_Temp" name="testDOBInput" time="1.225"/>
  <testcase classname="pom.testautomationpractice.testCases.TestCase_Temp" name="testJobInput" time="1.515"/>
</testsuite> <!-- pom.testautomationpractice.testCases.TestCase_Temp -->
